<?xml version="1.0" encoding="UTF-8"?>
<!-- Generated by org.testng.reporters.JUnitReportReporter -->
<testsuite hostname="LAPTOP-C7EHRFH9" failures="0" tests="1" name="testCase.QuickCreate" time="20.706" errors="0" timestamp="2023-06-25T14:03:07 IST" skipped="0">
  <testcase classname="testCase.QuickCreate" name="TC_01" time="20.706"/>
</testsuite> <!-- testCase.QuickCreate -->
