<?xml version="1.0" encoding="UTF-8"?>
<!-- Generated by org.testng.reporters.JUnitReportReporter -->
<testsuite hostname="LAPTOP-C7EHRFH9" failures="0" tests="1" name="testCase.TC_00loginVtiger" time="13.220" errors="0" timestamp="2023-07-03T08:57:26 IST" skipped="0">
  <testcase classname="testCase.TC_00loginVtiger" name="TC_00" time="13.220"/>
</testsuite> <!-- testCase.TC_00loginVtiger -->
