<?xml version="1.0" encoding="UTF-8"?>
<!-- Generated by org.testng.reporters.JUnitReportReporter -->
<testsuite hostname="LAPTOP-C7EHRFH9" failures="0" tests="1" name="genericLibraries.ExtentReport" time="7.673" errors="0" timestamp="2023-06-16T20:29:21 IST" skipped="0">
  <testcase classname="genericLibraries.ExtentReport" name="report" time="7.673"/>
</testsuite> <!-- genericLibraries.ExtentReport -->
