<?xml version="1.0" encoding="UTF-8"?>
<!-- Generated by org.testng.reporters.JUnitReportReporter -->
<testsuite hostname="SHIVA" failures="0" tests="1" name="testCase.TC_01craeteOrganizationusingTypeandIndustry_Test" time="14.605" errors="0" timestamp="2023-07-11T09:28:32 IST" skipped="0">
  <testcase classname="testCase.TC_01craeteOrganizationusingTypeandIndustry_Test" name="TC_01" time="14.605"/>
</testsuite> <!-- testCase.TC_01craeteOrganizationusingTypeandIndustry_Test -->
