<?xml version="1.0" encoding="UTF-8"?>
<!-- Generated by org.testng.reporters.JUnitReportReporter -->
<testsuite hostname="LAPTOP-C7EHRFH9" failures="0" tests="2" name="testCase.actitim" time="26.625" errors="0" timestamp="2023-06-26T21:25:20 IST" skipped="0">
  <testcase classname="testCase.actitim" name="acti" time="13.658"/>
  <testcase classname="testCase.actitim" name="acti" time="12.967"/>
</testsuite> <!-- testCase.actitim -->
