<?xml version="1.0" encoding="UTF-8"?>
<!-- Generated by org.testng.reporters.JUnitReportReporter -->
<testsuite hostname="LAPTOP-C7EHRFH9" failures="0" tests="1" name="testCase.TC_03CreateContactWithMandatoryField" time="15.741" errors="0" timestamp="2023-06-28T10:32:10 IST" skipped="0">
  <testcase classname="testCase.TC_03CreateContactWithMandatoryField" name="TC_03" time="15.741"/>
</testsuite> <!-- testCase.TC_03CreateContactWithMandatoryField -->
