<?xml version="1.0" encoding="UTF-8"?>
<!-- Generated by org.testng.reporters.JUnitReportReporter -->
<testsuite hostname="SHIVA" failures="0" tests="1" name="testCase.TC_00loginVtiger_Test" time="9.576" errors="0" timestamp="2023-07-11T09:27:30 IST" skipped="0">
  <testcase classname="testCase.TC_00loginVtiger_Test" name="TC_00" time="9.576"/>
</testsuite> <!-- testCase.TC_00loginVtiger_Test -->
