<?xml version="1.0" encoding="UTF-8"?>
<!-- Generated by org.testng.reporters.JUnitReportReporter -->
<testsuite hostname="LAPTOP-C7EHRFH9" failures="0" tests="1" name="testCase.TC_04CreateContactsWithExistingOrganization" time="19.083" errors="0" timestamp="2023-06-28T10:32:10 IST" skipped="0">
  <testcase classname="testCase.TC_04CreateContactsWithExistingOrganization" name="TC_04" time="19.083"/>
</testsuite> <!-- testCase.TC_04CreateContactsWithExistingOrganization -->
