<?xml version="1.0" encoding="UTF-8"?>
<!-- Generated by org.testng.reporters.JUnitReportReporter -->
<testsuite hostname="LAPTOP-C7EHRFH9" failures="0" tests="1" name="testCase.TC_08clickOnExistingLead" time="59.766" errors="0" timestamp="2023-07-01T08:58:46 IST" skipped="0">
  <testcase classname="testCase.TC_08clickOnExistingLead" name="TC_08" time="59.766"/>
</testsuite> <!-- testCase.TC_08clickOnExistingLead -->
