<?xml version="1.0" encoding="UTF-8"?>
<!-- Generated by org.testng.reporters.JUnitReportReporter -->
<testsuite hostname="LAPTOP-C7EHRFH9" failures="0" tests="1" name="practise.p" time="17.539" errors="0" timestamp="2023-06-26T14:13:01 IST" skipped="0">
  <testcase classname="practise.p" name="a" time="17.539"/>
</testsuite> <!-- practise.p -->
