<?xml version="1.0" encoding="UTF-8"?>
<!-- Generated by org.testng.reporters.JUnitReportReporter -->
<testsuite hostname="LAPTOP-C7EHRFH9" failures="0" tests="1" name="testCase.TC_09loginWithInvalidData_Test" time="12.163" errors="0" timestamp="2023-07-03T12:54:12 IST" skipped="0">
  <testcase classname="testCase.TC_09loginWithInvalidData_Test" name="TC_09" time="12.163"/>
</testsuite> <!-- testCase.TC_09loginWithInvalidData_Test -->
