<?xml version="1.0" encoding="UTF-8"?>
<!-- Generated by org.testng.reporters.JUnitReportReporter -->
<testsuite hostname="LAPTOP-C7EHRFH9" failures="0" tests="1" name="testCase.craeteOrganizationusingTypeandIndustry" time="25.909" errors="0" timestamp="2023-06-25T14:21:39 IST" skipped="0">
  <testcase classname="testCase.craeteOrganizationusingTypeandIndustry" name="TC_03" time="25.909"/>
</testsuite> <!-- testCase.craeteOrganizationusingTypeandIndustry -->
