<?xml version="1.0" encoding="UTF-8"?>
<!-- Generated by org.testng.reporters.JUnitReportReporter -->
<testsuite hostname="LAPTOP-C7EHRFH9" failures="0" tests="1" name="genericLibraries.ScreenShot" time="8.546" errors="0" timestamp="2023-06-21T18:20:15 IST" skipped="0">
  <testcase classname="genericLibraries.ScreenShot" name="screenshot" time="8.546"/>
</testsuite> <!-- genericLibraries.ScreenShot -->
