<?xml version="1.0" encoding="UTF-8"?>
<!-- Generated by org.testng.reporters.JUnitReportReporter -->
<testsuite hostname="LAPTOP-C7EHRFH9" failures="0" tests="1" name="testCase.CreatenewLead" time="23.690" errors="0" timestamp="2023-06-24T09:40:32 IST" skipped="0">
  <testcase classname="testCase.CreatenewLead" name="TC_05" time="23.690"/>
</testsuite> <!-- testCase.CreatenewLead -->
