<?xml version="1.0" encoding="UTF-8"?>
<!-- Generated by org.testng.reporters.JUnitReportReporter -->
<testsuite hostname="LAPTOP-C7EHRFH9" failures="0" tests="1" name="testCase.tesss" time="10.340" errors="0" timestamp="2023-07-01T09:21:04 IST" skipped="0">
  <testcase classname="testCase.tesss" name="TC_00looooooooooog" time="10.340"/>
</testsuite> <!-- testCase.tesss -->
