<?xml version="1.0" encoding="UTF-8"?>
<!-- Generated by org.testng.reporters.JUnitReportReporter -->
<testsuite hostname="LAPTOP-C7EHRFH9" failures="0" tests="4" name="genericLibraries.sampldatapro" time="0.020" errors="0" timestamp="2023-06-14T09:33:35 IST" skipped="0">
  <testcase classname="genericLibraries.sampldatapro" name="test" time="0.003"/>
  <testcase classname="genericLibraries.sampldatapro" name="test" time="0.003"/>
  <testcase classname="genericLibraries.sampldatapro" name="test" time="0.011"/>
  <testcase classname="genericLibraries.sampldatapro" name="test" time="0.003"/>
</testsuite> <!-- genericLibraries.sampldatapro -->
