<?xml version="1.0" encoding="UTF-8"?>
<!-- Generated by org.testng.reporters.JUnitReportReporter -->
<testsuite hostname="LAPTOP-C7EHRFH9" failures="0" tests="1" name="testCase.loginVtiger" time="11.224" errors="0" timestamp="2023-06-23T17:41:43 IST" skipped="0">
  <testcase classname="testCase.loginVtiger" name="login" time="11.224"/>
</testsuite> <!-- testCase.loginVtiger -->
