<?xml version="1.0" encoding="UTF-8"?>
<!-- Generated by org.testng.reporters.JUnitReportReporter -->
<testsuite hostname="LAPTOP-C7EHRFH9" failures="0" tests="1" name="testCase.TC_00loginVtiger_Test" time="10.663" errors="0" timestamp="2023-07-03T12:22:45 IST" skipped="0">
  <testcase classname="testCase.TC_00loginVtiger_Test" name="TC_00" time="10.663"/>
</testsuite> <!-- testCase.TC_00loginVtiger_Test -->
