<?xml version="1.0" encoding="UTF-8"?>
<!-- Generated by org.testng.reporters.JUnitReportReporter -->
<testsuite hostname="LAPTOP-C7EHRFH9" failures="0" tests="1" name="practise.XMLParameterization" time="5.546" errors="0" timestamp="2023-06-08T23:20:16 IST" skipped="0">
  <testcase classname="practise.XMLParameterization" name="swiggyTest" time="5.546"/>
  <system-out/>
</testsuite> <!-- practise.XMLParameterization -->
