<?xml version="1.0" encoding="UTF-8"?>
<!-- Generated by org.testng.reporters.JUnitReportReporter -->
<testsuite hostname="LAPTOP-C7EHRFH9" failures="0" tests="3" name="prac" time="9.102" errors="0" timestamp="2023-06-16T21:43:37 IST" skipped="0">
  <testcase classname="prac" name="a" time="5.417"/>
  <testcase classname="prac" name="b" time="0.673"/>
  <testcase classname="prac" name="main" time="3.012"/>
</testsuite> <!-- prac -->
