<?xml version="1.0" encoding="UTF-8"?>
<!-- Generated by org.testng.reporters.JUnitReportReporter -->
<testsuite hostname="LAPTOP-C7EHRFH9" failures="0" tests="1" name="testCase.TC_06DeleteLead" time="17.041" errors="0" timestamp="2023-06-28T10:32:10 IST" skipped="0">
  <testcase classname="testCase.TC_06DeleteLead" name="TC_06" time="17.041"/>
</testsuite> <!-- testCase.TC_06DeleteLead -->
